{"C:\\Users\\Administrator\\Desktop\\My-Brand-Gabriel\\My-Brand-Backend\\src\\app.ts": {"path":"C:\\Users\\Administrator\\Desktop\\My-Brand-Gabriel\\My-Brand-Backend\\src\\app.ts","statementMap":{"0":{"start":{"line":1,"column":0},"end":{"line":1,"column":30}},"1":{"start":{"line":2,"column":0},"end":{"line":2,"column":32}},"2":{"start":{"line":3,"column":0},"end":{"line":3,"column":45}},"3":{"start":{"line":4,"column":0},"end":{"line":4,"column":43}},"4":{"start":{"line":5,"column":0},"end":{"line":5,"column":41}},"5":{"start":{"line":6,"column":0},"end":{"line":6,"column":47}},"6":{"start":{"line":7,"column":0},"end":{"line":7,"column":51}},"7":{"start":{"line":8,"column":0},"end":{"line":8,"column":45}},"8":{"start":{"line":9,"column":0},"end":{"line":9,"column":62}},"9":{"start":{"line":10,"column":0},"end":{"line":10,"column":66}},"10":{"start":{"line":11,"column":0},"end":{"line":11,"column":28}},"11":{"start":{"line":12,"column":0},"end":{"line":12,"column":16}},"12":{"start":{"line":14,"column":12},"end":{"line":14,"column":21}},"13":{"start":{"line":16,"column":0},"end":{"line":16,"column":24}},"14":{"start":{"line":19,"column":0},"end":{"line":19,"column":60}},"15":{"start":{"line":21,"column":11},"end":{"line":21,"column":30}},"16":{"start":{"line":23,"column":0},"end":{"line":26,"column":3}},"17":{"start":{"line":23,"column":27},"end":{"line":26,"column":2}},"18":{"start":{"line":24,"column":2},"end":{"line":24,"column":38}},"19":{"start":{"line":25,"column":2},"end":{"line":25,"column":28}},"20":{"start":{"line":28,"column":0},"end":{"line":30,"column":3}},"21":{"start":{"line":29,"column":2},"end":{"line":29,"column":50}},"22":{"start":{"line":33,"column":0},"end":{"line":33,"column":68}},"23":{"start":{"line":36,"column":0},"end":{"line":36,"column":33}},"24":{"start":{"line":37,"column":0},"end":{"line":37,"column":35}},"25":{"start":{"line":38,"column":0},"end":{"line":38,"column":39}},"26":{"start":{"line":39,"column":0},"end":{"line":39,"column":33}},"27":{"start":{"line":40,"column":0},"end":{"line":40,"column":41}},"28":{"start":{"line":42,"column":0},"end":{"line":44,"column":3}},"29":{"start":{"line":43,"column":2},"end":{"line":43,"column":43}},"30":{"start":{"line":46,"column":13},"end":{"line":46,"column":37}},"31":{"start":{"line":47,"column":0},"end":{"line":49,"column":3}},"32":{"start":{"line":48,"column":2},"end":{"line":48,"column":51}},"33":{"start":{"line":51,"column":0},"end":{"line":51,"column":19}}},"fnMap":{"0":{"name":"(anonymous_8)","decl":{"start":{"line":23,"column":16},"end":{"line":23,"column":25}},"loc":{"start":{"line":23,"column":27},"end":{"line":26,"column":2}}},"1":{"name":"(anonymous_9)","decl":{"start":{"line":23,"column":27},"end":{"line":23,"column":null}},"loc":{"start":{"line":23,"column":27},"end":{"line":26,"column":1}}},"2":{"name":"(anonymous_10)","decl":{"start":{"line":28,"column":15},"end":{"line":28,"column":16}},"loc":{"start":{"line":28,"column":23},"end":{"line":30,"column":1}}},"3":{"name":"(anonymous_11)","decl":{"start":{"line":42,"column":13},"end":{"line":42,"column":14}},"loc":{"start":{"line":42,"column":26},"end":{"line":44,"column":1}}},"4":{"name":"(anonymous_12)","decl":{"start":{"line":47,"column":17},"end":{"line":47,"column":20}},"loc":{"start":{"line":47,"column":22},"end":{"line":49,"column":1}}}},"branchMap":{"0":{"loc":{"start":{"line":46,"column":13},"end":{"line":46,"column":37}},"type":"binary-expr","locations":[{"start":{"line":46,"column":13},"end":{"line":46,"column":29}},{"start":{"line":46,"column":33},"end":{"line":46,"column":37}}]}},"s":{"0":1,"1":1,"2":1,"3":1,"4":1,"5":1,"6":1,"7":1,"8":1,"9":1,"10":1,"11":1,"12":1,"13":1,"14":1,"15":1,"16":1,"17":1,"18":1,"19":1,"20":1,"21":0,"22":1,"23":1,"24":1,"25":1,"26":1,"27":1,"28":1,"29":0,"30":1,"31":1,"32":1,"33":1},"f":{"0":1,"1":1,"2":0,"3":0,"4":1},"b":{"0":[1,1]}}
,"C:\\Users\\Administrator\\Desktop\\My-Brand-Gabriel\\My-Brand-Backend\\src\\controllers\\adminController.ts": {"path":"C:\\Users\\Administrator\\Desktop\\My-Brand-Gabriel\\My-Brand-Backend\\src\\controllers\\adminController.ts","statementMap":{"0":{"start":{"line":4,"column":0},"end":{"line":4,"column":28}},"1":{"start":{"line":5,"column":0},"end":{"line":5,"column":31}},"2":{"start":{"line":6,"column":0},"end":{"line":6,"column":36}},"3":{"start":{"line":8,"column":27},"end":{"line":36,"column":2}},"4":{"start":{"line":8,"column":65},"end":{"line":36,"column":2}},"5":{"start":{"line":9,"column":2},"end":{"line":35,"column":3}},"6":{"start":{"line":10,"column":42},"end":{"line":10,"column":50}},"7":{"start":{"line":13,"column":26},"end":{"line":13,"column":56}},"8":{"start":{"line":14,"column":4},"end":{"line":16,"column":5}},"9":{"start":{"line":15,"column":6},"end":{"line":15,"column":71}},"10":{"start":{"line":19,"column":27},"end":{"line":19,"column":58}},"11":{"start":{"line":22,"column":21},"end":{"line":26,"column":6}},"12":{"start":{"line":29,"column":4},"end":{"line":29,"column":26}},"13":{"start":{"line":31,"column":4},"end":{"line":31,"column":68}},"14":{"start":{"line":33,"column":4},"end":{"line":33,"column":51}},"15":{"start":{"line":34,"column":4},"end":{"line":34,"column":63}},"16":{"start":{"line":8,"column":13},"end":{"line":8,"column":27}},"17":{"start":{"line":38,"column":27},"end":{"line":63,"column":2}},"18":{"start":{"line":38,"column":65},"end":{"line":63,"column":2}},"19":{"start":{"line":39,"column":2},"end":{"line":62,"column":3}},"20":{"start":{"line":40,"column":32},"end":{"line":40,"column":40}},"21":{"start":{"line":43,"column":18},"end":{"line":43,"column":48}},"22":{"start":{"line":44,"column":4},"end":{"line":46,"column":5}},"23":{"start":{"line":45,"column":6},"end":{"line":45,"column":66}},"24":{"start":{"line":49,"column":28},"end":{"line":49,"column":74}},"25":{"start":{"line":50,"column":4},"end":{"line":52,"column":5}},"26":{"start":{"line":51,"column":6},"end":{"line":51,"column":67}},"27":{"start":{"line":55,"column":30},"end":{"line":55,"column":72}},"28":{"start":{"line":56,"column":18},"end":{"line":56,"column":82}},"29":{"start":{"line":58,"column":4},"end":{"line":58,"column":36}},"30":{"start":{"line":60,"column":4},"end":{"line":60,"column":51}},"31":{"start":{"line":61,"column":4},"end":{"line":61,"column":63}},"32":{"start":{"line":38,"column":13},"end":{"line":38,"column":27}},"33":{"start":{"line":66,"column":27},"end":{"line":79,"column":2}},"34":{"start":{"line":66,"column":65},"end":{"line":79,"column":2}},"35":{"start":{"line":67,"column":2},"end":{"line":78,"column":3}},"36":{"start":{"line":68,"column":24},"end":{"line":68,"column":34}},"37":{"start":{"line":69,"column":42},"end":{"line":69,"column":50}},"38":{"start":{"line":72,"column":4},"end":{"line":72,"column":74}},"39":{"start":{"line":74,"column":4},"end":{"line":74,"column":68}},"40":{"start":{"line":76,"column":4},"end":{"line":76,"column":53}},"41":{"start":{"line":77,"column":4},"end":{"line":77,"column":63}},"42":{"start":{"line":66,"column":13},"end":{"line":66,"column":27}},"43":{"start":{"line":81,"column":27},"end":{"line":93,"column":2}},"44":{"start":{"line":81,"column":65},"end":{"line":93,"column":2}},"45":{"start":{"line":82,"column":2},"end":{"line":92,"column":3}},"46":{"start":{"line":83,"column":24},"end":{"line":83,"column":34}},"47":{"start":{"line":86,"column":4},"end":{"line":86,"column":43}},"48":{"start":{"line":88,"column":4},"end":{"line":88,"column":68}},"49":{"start":{"line":90,"column":4},"end":{"line":90,"column":53}},"50":{"start":{"line":91,"column":4},"end":{"line":91,"column":63}},"51":{"start":{"line":81,"column":13},"end":{"line":81,"column":27}},"52":{"start":{"line":95,"column":28},"end":{"line":105,"column":2}},"53":{"start":{"line":95,"column":66},"end":{"line":105,"column":2}},"54":{"start":{"line":96,"column":2},"end":{"line":104,"column":3}},"55":{"start":{"line":98,"column":19},"end":{"line":98,"column":37}},"56":{"start":{"line":100,"column":4},"end":{"line":100,"column":33}},"57":{"start":{"line":102,"column":4},"end":{"line":102,"column":57}},"58":{"start":{"line":103,"column":4},"end":{"line":103,"column":63}},"59":{"start":{"line":95,"column":13},"end":{"line":95,"column":28}},"60":{"start":{"line":108,"column":33},"end":{"line":140,"column":2}},"61":{"start":{"line":108,"column":44},"end":{"line":140,"column":2}},"62":{"start":{"line":109,"column":2},"end":{"line":139,"column":3}},"63":{"start":{"line":111,"column":26},"end":{"line":111,"column":88}},"64":{"start":{"line":112,"column":4},"end":{"line":115,"column":5}},"65":{"start":{"line":113,"column":6},"end":{"line":113,"column":57}},"66":{"start":{"line":114,"column":6},"end":{"line":114,"column":13}},"67":{"start":{"line":118,"column":4},"end":{"line":121,"column":5}},"68":{"start":{"line":119,"column":6},"end":{"line":119,"column":78}},"69":{"start":{"line":120,"column":6},"end":{"line":120,"column":13}},"70":{"start":{"line":124,"column":27},"end":{"line":124,"column":82}},"71":{"start":{"line":127,"column":24},"end":{"line":131,"column":6}},"72":{"start":{"line":134,"column":4},"end":{"line":134,"column":29}},"73":{"start":{"line":136,"column":4},"end":{"line":136,"column":54}},"74":{"start":{"line":138,"column":4},"end":{"line":138,"column":57}},"75":{"start":{"line":108,"column":13},"end":{"line":108,"column":33}}},"fnMap":{"0":{"name":"(anonymous_8)","decl":{"start":{"line":8,"column":27},"end":{"line":8,"column":34}},"loc":{"start":{"line":8,"column":65},"end":{"line":36,"column":2}}},"1":{"name":"(anonymous_9)","decl":{"start":{"line":8,"column":65},"end":{"line":8,"column":null}},"loc":{"start":{"line":8,"column":65},"end":{"line":36,"column":1}}},"2":{"name":"(anonymous_10)","decl":{"start":{"line":38,"column":27},"end":{"line":38,"column":34}},"loc":{"start":{"line":38,"column":65},"end":{"line":63,"column":2}}},"3":{"name":"(anonymous_11)","decl":{"start":{"line":38,"column":65},"end":{"line":38,"column":null}},"loc":{"start":{"line":38,"column":65},"end":{"line":63,"column":1}}},"4":{"name":"(anonymous_12)","decl":{"start":{"line":66,"column":27},"end":{"line":66,"column":34}},"loc":{"start":{"line":66,"column":65},"end":{"line":79,"column":2}}},"5":{"name":"(anonymous_13)","decl":{"start":{"line":66,"column":65},"end":{"line":66,"column":null}},"loc":{"start":{"line":66,"column":65},"end":{"line":79,"column":1}}},"6":{"name":"(anonymous_14)","decl":{"start":{"line":81,"column":27},"end":{"line":81,"column":34}},"loc":{"start":{"line":81,"column":65},"end":{"line":93,"column":2}}},"7":{"name":"(anonymous_15)","decl":{"start":{"line":81,"column":65},"end":{"line":81,"column":null}},"loc":{"start":{"line":81,"column":65},"end":{"line":93,"column":1}}},"8":{"name":"(anonymous_16)","decl":{"start":{"line":95,"column":28},"end":{"line":95,"column":35}},"loc":{"start":{"line":95,"column":66},"end":{"line":105,"column":2}}},"9":{"name":"(anonymous_17)","decl":{"start":{"line":95,"column":66},"end":{"line":95,"column":null}},"loc":{"start":{"line":95,"column":66},"end":{"line":105,"column":1}}},"10":{"name":"(anonymous_18)","decl":{"start":{"line":108,"column":33},"end":{"line":108,"column":42}},"loc":{"start":{"line":108,"column":44},"end":{"line":140,"column":2}}},"11":{"name":"(anonymous_19)","decl":{"start":{"line":108,"column":44},"end":{"line":108,"column":null}},"loc":{"start":{"line":108,"column":44},"end":{"line":140,"column":1}}}},"branchMap":{"0":{"loc":{"start":{"line":14,"column":4},"end":{"line":16,"column":5}},"type":"if","locations":[{"start":{"line":14,"column":4},"end":{"line":16,"column":5}}]},"1":{"loc":{"start":{"line":44,"column":4},"end":{"line":46,"column":5}},"type":"if","locations":[{"start":{"line":44,"column":4},"end":{"line":46,"column":5}}]},"2":{"loc":{"start":{"line":50,"column":4},"end":{"line":52,"column":5}},"type":"if","locations":[{"start":{"line":50,"column":4},"end":{"line":52,"column":5}}]},"3":{"loc":{"start":{"line":55,"column":30},"end":{"line":55,"column":72}},"type":"binary-expr","locations":[{"start":{"line":55,"column":30},"end":{"line":55,"column":52}},{"start":{"line":55,"column":56},"end":{"line":55,"column":72}}]},"4":{"loc":{"start":{"line":112,"column":4},"end":{"line":115,"column":5}},"type":"if","locations":[{"start":{"line":112,"column":4},"end":{"line":115,"column":5}}]},"5":{"loc":{"start":{"line":118,"column":4},"end":{"line":121,"column":5}},"type":"if","locations":[{"start":{"line":118,"column":4},"end":{"line":121,"column":5}}]}},"s":{"0":2,"1":2,"2":2,"3":2,"4":2,"5":2,"6":2,"7":2,"8":1,"9":0,"10":1,"11":1,"12":1,"13":1,"14":1,"15":1,"16":2,"17":2,"18":2,"19":2,"20":2,"21":2,"22":1,"23":0,"24":1,"25":1,"26":1,"27":0,"28":0,"29":0,"30":1,"31":1,"32":2,"33":2,"34":2,"35":2,"36":2,"37":2,"38":2,"39":1,"40":1,"41":1,"42":2,"43":2,"44":2,"45":2,"46":2,"47":2,"48":1,"49":1,"50":1,"51":2,"52":2,"53":1,"54":1,"55":1,"56":0,"57":0,"58":0,"59":2,"60":2,"61":1,"62":1,"63":1,"64":1,"65":1,"66":1,"67":0,"68":0,"69":0,"70":0,"71":0,"72":0,"73":0,"74":0,"75":2},"f":{"0":2,"1":2,"2":2,"3":2,"4":2,"5":2,"6":2,"7":2,"8":1,"9":1,"10":1,"11":1},"b":{"0":[0],"1":[0],"2":[1],"3":[0,0],"4":[1],"5":[0]}}
,"C:\\Users\\Administrator\\Desktop\\My-Brand-Gabriel\\My-Brand-Backend\\src\\controllers\\blogController.ts": {"path":"C:\\Users\\Administrator\\Desktop\\My-Brand-Gabriel\\My-Brand-Backend\\src\\controllers\\blogController.ts","statementMap":{"0":{"start":{"line":2,"column":0},"end":{"line":2,"column":62}},"1":{"start":{"line":5,"column":26},"end":{"line":23,"column":2}},"2":{"start":{"line":5,"column":64},"end":{"line":23,"column":2}},"3":{"start":{"line":6,"column":2},"end":{"line":22,"column":3}},"4":{"start":{"line":7,"column":42},"end":{"line":7,"column":50}},"5":{"start":{"line":8,"column":31},"end":{"line":16,"column":6}},"6":{"start":{"line":17,"column":4},"end":{"line":17,"column":25}},"7":{"start":{"line":18,"column":4},"end":{"line":18,"column":34}},"8":{"start":{"line":20,"column":4},"end":{"line":20,"column":49}},"9":{"start":{"line":21,"column":4},"end":{"line":21,"column":63}},"10":{"start":{"line":5,"column":13},"end":{"line":5,"column":26}},"11":{"start":{"line":26,"column":26},"end":{"line":39,"column":2}},"12":{"start":{"line":26,"column":64},"end":{"line":39,"column":2}},"13":{"start":{"line":27,"column":2},"end":{"line":38,"column":3}},"14":{"start":{"line":28,"column":19},"end":{"line":28,"column":29}},"15":{"start":{"line":29,"column":42},"end":{"line":29,"column":50}},"16":{"start":{"line":30,"column":24},"end":{"line":30,"column":106}},"17":{"start":{"line":31,"column":4},"end":{"line":33,"column":5}},"18":{"start":{"line":32,"column":6},"end":{"line":32,"column":65}},"19":{"start":{"line":34,"column":4},"end":{"line":34,"column":38}},"20":{"start":{"line":36,"column":4},"end":{"line":36,"column":49}},"21":{"start":{"line":37,"column":4},"end":{"line":37,"column":63}},"22":{"start":{"line":26,"column":13},"end":{"line":26,"column":26}},"23":{"start":{"line":42,"column":26},"end":{"line":54,"column":2}},"24":{"start":{"line":42,"column":64},"end":{"line":54,"column":2}},"25":{"start":{"line":43,"column":2},"end":{"line":53,"column":3}},"26":{"start":{"line":44,"column":19},"end":{"line":44,"column":29}},"27":{"start":{"line":45,"column":24},"end":{"line":45,"column":60}},"28":{"start":{"line":46,"column":4},"end":{"line":48,"column":5}},"29":{"start":{"line":47,"column":6},"end":{"line":47,"column":65}},"30":{"start":{"line":49,"column":4},"end":{"line":49,"column":67}},"31":{"start":{"line":51,"column":4},"end":{"line":51,"column":49}},"32":{"start":{"line":52,"column":4},"end":{"line":52,"column":63}},"33":{"start":{"line":42,"column":13},"end":{"line":42,"column":26}},"34":{"start":{"line":57,"column":27},"end":{"line":69,"column":2}},"35":{"start":{"line":57,"column":65},"end":{"line":69,"column":2}},"36":{"start":{"line":58,"column":2},"end":{"line":68,"column":3}},"37":{"start":{"line":59,"column":19},"end":{"line":59,"column":29}},"38":{"start":{"line":60,"column":17},"end":{"line":60,"column":44}},"39":{"start":{"line":61,"column":4},"end":{"line":63,"column":5}},"40":{"start":{"line":62,"column":6},"end":{"line":62,"column":65}},"41":{"start":{"line":64,"column":4},"end":{"line":64,"column":31}},"42":{"start":{"line":66,"column":4},"end":{"line":66,"column":54}},"43":{"start":{"line":67,"column":4},"end":{"line":67,"column":63}},"44":{"start":{"line":57,"column":13},"end":{"line":57,"column":27}},"45":{"start":{"line":72,"column":29},"end":{"line":86,"column":2}},"46":{"start":{"line":72,"column":67},"end":{"line":86,"column":2}},"47":{"start":{"line":73,"column":2},"end":{"line":85,"column":3}},"48":{"start":{"line":74,"column":19},"end":{"line":74,"column":29}},"49":{"start":{"line":75,"column":41},"end":{"line":75,"column":49}},"50":{"start":{"line":76,"column":23},"end":{"line":76,"column":77}},"51":{"start":{"line":77,"column":24},"end":{"line":77,"column":112}},"52":{"start":{"line":78,"column":4},"end":{"line":80,"column":5}},"53":{"start":{"line":79,"column":6},"end":{"line":79,"column":65}},"54":{"start":{"line":81,"column":4},"end":{"line":81,"column":38}},"55":{"start":{"line":83,"column":4},"end":{"line":83,"column":58}},"56":{"start":{"line":84,"column":4},"end":{"line":84,"column":63}},"57":{"start":{"line":72,"column":13},"end":{"line":72,"column":29}},"58":{"start":{"line":89,"column":24},"end":{"line":101,"column":2}},"59":{"start":{"line":89,"column":62},"end":{"line":101,"column":2}},"60":{"start":{"line":90,"column":2},"end":{"line":100,"column":3}},"61":{"start":{"line":91,"column":19},"end":{"line":91,"column":29}},"62":{"start":{"line":92,"column":24},"end":{"line":92,"column":99}},"63":{"start":{"line":93,"column":4},"end":{"line":95,"column":5}},"64":{"start":{"line":94,"column":6},"end":{"line":94,"column":65}},"65":{"start":{"line":96,"column":4},"end":{"line":96,"column":38}},"66":{"start":{"line":98,"column":4},"end":{"line":98,"column":47}},"67":{"start":{"line":99,"column":4},"end":{"line":99,"column":63}},"68":{"start":{"line":89,"column":13},"end":{"line":89,"column":24}},"69":{"start":{"line":104,"column":27},"end":{"line":116,"column":2}},"70":{"start":{"line":104,"column":65},"end":{"line":116,"column":2}},"71":{"start":{"line":105,"column":2},"end":{"line":115,"column":3}},"72":{"start":{"line":106,"column":19},"end":{"line":106,"column":29}},"73":{"start":{"line":107,"column":24},"end":{"line":107,"column":102}},"74":{"start":{"line":108,"column":4},"end":{"line":110,"column":5}},"75":{"start":{"line":109,"column":6},"end":{"line":109,"column":65}},"76":{"start":{"line":111,"column":4},"end":{"line":111,"column":38}},"77":{"start":{"line":113,"column":4},"end":{"line":113,"column":50}},"78":{"start":{"line":114,"column":4},"end":{"line":114,"column":63}},"79":{"start":{"line":104,"column":13},"end":{"line":104,"column":27}},"80":{"start":{"line":119,"column":34},"end":{"line":131,"column":2}},"81":{"start":{"line":119,"column":72},"end":{"line":131,"column":2}},"82":{"start":{"line":120,"column":2},"end":{"line":130,"column":3}},"83":{"start":{"line":121,"column":19},"end":{"line":121,"column":29}},"84":{"start":{"line":122,"column":17},"end":{"line":122,"column":44}},"85":{"start":{"line":123,"column":4},"end":{"line":125,"column":5}},"86":{"start":{"line":124,"column":6},"end":{"line":124,"column":65}},"87":{"start":{"line":126,"column":4},"end":{"line":126,"column":40}},"88":{"start":{"line":128,"column":4},"end":{"line":128,"column":61}},"89":{"start":{"line":129,"column":4},"end":{"line":129,"column":63}},"90":{"start":{"line":119,"column":13},"end":{"line":119,"column":34}},"91":{"start":{"line":134,"column":27},"end":{"line":142,"column":2}},"92":{"start":{"line":134,"column":65},"end":{"line":142,"column":2}},"93":{"start":{"line":135,"column":2},"end":{"line":141,"column":3}},"94":{"start":{"line":136,"column":18},"end":{"line":136,"column":39}},"95":{"start":{"line":137,"column":4},"end":{"line":137,"column":32}},"96":{"start":{"line":139,"column":4},"end":{"line":139,"column":53}},"97":{"start":{"line":140,"column":4},"end":{"line":140,"column":63}},"98":{"start":{"line":134,"column":13},"end":{"line":134,"column":27}},"99":{"start":{"line":145,"column":30},"end":{"line":159,"column":2}},"100":{"start":{"line":145,"column":68},"end":{"line":159,"column":2}},"101":{"start":{"line":146,"column":2},"end":{"line":158,"column":3}},"102":{"start":{"line":147,"column":18},"end":{"line":147,"column":39}},"103":{"start":{"line":148,"column":30},"end":{"line":153,"column":7}},"104":{"start":{"line":148,"column":49},"end":{"line":153,"column":6}},"105":{"start":{"line":154,"column":4},"end":{"line":154,"column":44}},"106":{"start":{"line":156,"column":4},"end":{"line":156,"column":56}},"107":{"start":{"line":157,"column":4},"end":{"line":157,"column":63}},"108":{"start":{"line":145,"column":13},"end":{"line":145,"column":30}},"109":{"start":{"line":162,"column":29},"end":{"line":174,"column":2}},"110":{"start":{"line":162,"column":67},"end":{"line":174,"column":2}},"111":{"start":{"line":163,"column":2},"end":{"line":173,"column":3}},"112":{"start":{"line":164,"column":34},"end":{"line":164,"column":44}},"113":{"start":{"line":165,"column":24},"end":{"line":165,"column":124}},"114":{"start":{"line":166,"column":4},"end":{"line":168,"column":5}},"115":{"start":{"line":167,"column":6},"end":{"line":167,"column":65}},"116":{"start":{"line":169,"column":4},"end":{"line":169,"column":83}},"117":{"start":{"line":171,"column":4},"end":{"line":171,"column":52}},"118":{"start":{"line":172,"column":4},"end":{"line":172,"column":63}},"119":{"start":{"line":162,"column":13},"end":{"line":162,"column":29}}},"fnMap":{"0":{"name":"(anonymous_8)","decl":{"start":{"line":5,"column":26},"end":{"line":5,"column":33}},"loc":{"start":{"line":5,"column":64},"end":{"line":23,"column":2}}},"1":{"name":"(anonymous_9)","decl":{"start":{"line":5,"column":64},"end":{"line":5,"column":null}},"loc":{"start":{"line":5,"column":64},"end":{"line":23,"column":1}}},"2":{"name":"(anonymous_10)","decl":{"start":{"line":26,"column":26},"end":{"line":26,"column":33}},"loc":{"start":{"line":26,"column":64},"end":{"line":39,"column":2}}},"3":{"name":"(anonymous_11)","decl":{"start":{"line":26,"column":64},"end":{"line":26,"column":null}},"loc":{"start":{"line":26,"column":64},"end":{"line":39,"column":1}}},"4":{"name":"(anonymous_12)","decl":{"start":{"line":42,"column":26},"end":{"line":42,"column":33}},"loc":{"start":{"line":42,"column":64},"end":{"line":54,"column":2}}},"5":{"name":"(anonymous_13)","decl":{"start":{"line":42,"column":64},"end":{"line":42,"column":null}},"loc":{"start":{"line":42,"column":64},"end":{"line":54,"column":1}}},"6":{"name":"(anonymous_14)","decl":{"start":{"line":57,"column":27},"end":{"line":57,"column":34}},"loc":{"start":{"line":57,"column":65},"end":{"line":69,"column":2}}},"7":{"name":"(anonymous_15)","decl":{"start":{"line":57,"column":65},"end":{"line":57,"column":null}},"loc":{"start":{"line":57,"column":65},"end":{"line":69,"column":1}}},"8":{"name":"(anonymous_16)","decl":{"start":{"line":72,"column":29},"end":{"line":72,"column":36}},"loc":{"start":{"line":72,"column":67},"end":{"line":86,"column":2}}},"9":{"name":"(anonymous_17)","decl":{"start":{"line":72,"column":67},"end":{"line":72,"column":null}},"loc":{"start":{"line":72,"column":67},"end":{"line":86,"column":1}}},"10":{"name":"(anonymous_18)","decl":{"start":{"line":89,"column":24},"end":{"line":89,"column":31}},"loc":{"start":{"line":89,"column":62},"end":{"line":101,"column":2}}},"11":{"name":"(anonymous_19)","decl":{"start":{"line":89,"column":62},"end":{"line":89,"column":null}},"loc":{"start":{"line":89,"column":62},"end":{"line":101,"column":1}}},"12":{"name":"(anonymous_20)","decl":{"start":{"line":104,"column":27},"end":{"line":104,"column":34}},"loc":{"start":{"line":104,"column":65},"end":{"line":116,"column":2}}},"13":{"name":"(anonymous_21)","decl":{"start":{"line":104,"column":65},"end":{"line":104,"column":null}},"loc":{"start":{"line":104,"column":65},"end":{"line":116,"column":1}}},"14":{"name":"(anonymous_22)","decl":{"start":{"line":119,"column":34},"end":{"line":119,"column":41}},"loc":{"start":{"line":119,"column":72},"end":{"line":131,"column":2}}},"15":{"name":"(anonymous_23)","decl":{"start":{"line":119,"column":72},"end":{"line":119,"column":null}},"loc":{"start":{"line":119,"column":72},"end":{"line":131,"column":1}}},"16":{"name":"(anonymous_24)","decl":{"start":{"line":134,"column":27},"end":{"line":134,"column":34}},"loc":{"start":{"line":134,"column":65},"end":{"line":142,"column":2}}},"17":{"name":"(anonymous_25)","decl":{"start":{"line":134,"column":65},"end":{"line":134,"column":null}},"loc":{"start":{"line":134,"column":65},"end":{"line":142,"column":1}}},"18":{"name":"(anonymous_26)","decl":{"start":{"line":145,"column":30},"end":{"line":145,"column":37}},"loc":{"start":{"line":145,"column":68},"end":{"line":159,"column":2}}},"19":{"name":"(anonymous_27)","decl":{"start":{"line":145,"column":68},"end":{"line":145,"column":null}},"loc":{"start":{"line":145,"column":68},"end":{"line":159,"column":1}}},"20":{"name":"(anonymous_28)","decl":{"start":{"line":148,"column":40},"end":{"line":148,"column":44}},"loc":{"start":{"line":148,"column":49},"end":{"line":153,"column":6}}},"21":{"name":"(anonymous_29)","decl":{"start":{"line":162,"column":29},"end":{"line":162,"column":36}},"loc":{"start":{"line":162,"column":67},"end":{"line":174,"column":2}}},"22":{"name":"(anonymous_30)","decl":{"start":{"line":162,"column":67},"end":{"line":162,"column":null}},"loc":{"start":{"line":162,"column":67},"end":{"line":174,"column":1}}}},"branchMap":{"0":{"loc":{"start":{"line":31,"column":4},"end":{"line":33,"column":5}},"type":"if","locations":[{"start":{"line":31,"column":4},"end":{"line":33,"column":5}}]},"1":{"loc":{"start":{"line":46,"column":4},"end":{"line":48,"column":5}},"type":"if","locations":[{"start":{"line":46,"column":4},"end":{"line":48,"column":5}}]},"2":{"loc":{"start":{"line":61,"column":4},"end":{"line":63,"column":5}},"type":"if","locations":[{"start":{"line":61,"column":4},"end":{"line":63,"column":5}}]},"3":{"loc":{"start":{"line":78,"column":4},"end":{"line":80,"column":5}},"type":"if","locations":[{"start":{"line":78,"column":4},"end":{"line":80,"column":5}}]},"4":{"loc":{"start":{"line":93,"column":4},"end":{"line":95,"column":5}},"type":"if","locations":[{"start":{"line":93,"column":4},"end":{"line":95,"column":5}}]},"5":{"loc":{"start":{"line":108,"column":4},"end":{"line":110,"column":5}},"type":"if","locations":[{"start":{"line":108,"column":4},"end":{"line":110,"column":5}}]},"6":{"loc":{"start":{"line":123,"column":4},"end":{"line":125,"column":5}},"type":"if","locations":[{"start":{"line":123,"column":4},"end":{"line":125,"column":5}}]},"7":{"loc":{"start":{"line":166,"column":4},"end":{"line":168,"column":5}},"type":"if","locations":[{"start":{"line":166,"column":4},"end":{"line":168,"column":5}}]}},"s":{"0":2,"1":2,"2":1,"3":1,"4":1,"5":1,"6":1,"7":0,"8":1,"9":1,"10":2,"11":2,"12":1,"13":1,"14":1,"15":1,"16":1,"17":0,"18":0,"19":0,"20":1,"21":1,"22":2,"23":2,"24":1,"25":1,"26":1,"27":1,"28":0,"29":0,"30":0,"31":1,"32":1,"33":2,"34":2,"35":1,"36":1,"37":1,"38":1,"39":0,"40":0,"41":0,"42":1,"43":1,"44":2,"45":2,"46":1,"47":1,"48":1,"49":1,"50":1,"51":1,"52":0,"53":0,"54":0,"55":1,"56":1,"57":2,"58":2,"59":1,"60":1,"61":1,"62":1,"63":0,"64":0,"65":0,"66":1,"67":1,"68":2,"69":2,"70":1,"71":1,"72":1,"73":1,"74":0,"75":0,"76":0,"77":1,"78":1,"79":2,"80":2,"81":1,"82":1,"83":1,"84":1,"85":0,"86":0,"87":0,"88":1,"89":1,"90":2,"91":2,"92":1,"93":1,"94":1,"95":0,"96":0,"97":0,"98":2,"99":2,"100":0,"101":0,"102":0,"103":0,"104":0,"105":0,"106":0,"107":0,"108":2,"109":2,"110":1,"111":1,"112":1,"113":1,"114":0,"115":0,"116":0,"117":1,"118":1,"119":2},"f":{"0":1,"1":1,"2":1,"3":1,"4":1,"5":1,"6":1,"7":1,"8":1,"9":1,"10":1,"11":1,"12":1,"13":1,"14":1,"15":1,"16":1,"17":1,"18":0,"19":0,"20":0,"21":1,"22":1},"b":{"0":[0],"1":[0],"2":[0],"3":[0],"4":[0],"5":[0],"6":[0],"7":[0]}}
,"C:\\Users\\Administrator\\Desktop\\My-Brand-Gabriel\\My-Brand-Backend\\src\\controllers\\messageController.ts": {"path":"C:\\Users\\Administrator\\Desktop\\My-Brand-Gabriel\\My-Brand-Backend\\src\\controllers\\messageController.ts","statementMap":{"0":{"start":{"line":4,"column":0},"end":{"line":4,"column":54}},"1":{"start":{"line":6,"column":29},"end":{"line":23,"column":2}},"2":{"start":{"line":6,"column":67},"end":{"line":23,"column":2}},"3":{"start":{"line":7,"column":2},"end":{"line":22,"column":3}},"4":{"start":{"line":8,"column":41},"end":{"line":8,"column":49}},"5":{"start":{"line":10,"column":33},"end":{"line":14,"column":6}},"6":{"start":{"line":16,"column":4},"end":{"line":16,"column":28}},"7":{"start":{"line":18,"column":4},"end":{"line":18,"column":70}},"8":{"start":{"line":20,"column":4},"end":{"line":20,"column":55}},"9":{"start":{"line":21,"column":4},"end":{"line":21,"column":63}},"10":{"start":{"line":6,"column":13},"end":{"line":6,"column":29}},"11":{"start":{"line":25,"column":29},"end":{"line":37,"column":2}},"12":{"start":{"line":25,"column":67},"end":{"line":37,"column":2}},"13":{"start":{"line":26,"column":2},"end":{"line":36,"column":3}},"14":{"start":{"line":27,"column":22},"end":{"line":27,"column":42}},"15":{"start":{"line":28,"column":41},"end":{"line":28,"column":49}},"16":{"start":{"line":30,"column":4},"end":{"line":30,"column":77}},"17":{"start":{"line":32,"column":4},"end":{"line":32,"column":70}},"18":{"start":{"line":34,"column":4},"end":{"line":34,"column":55}},"19":{"start":{"line":35,"column":4},"end":{"line":35,"column":63}},"20":{"start":{"line":25,"column":13},"end":{"line":25,"column":29}},"21":{"start":{"line":39,"column":29},"end":{"line":50,"column":2}},"22":{"start":{"line":39,"column":67},"end":{"line":50,"column":2}},"23":{"start":{"line":40,"column":2},"end":{"line":49,"column":3}},"24":{"start":{"line":41,"column":22},"end":{"line":41,"column":42}},"25":{"start":{"line":43,"column":4},"end":{"line":43,"column":47}},"26":{"start":{"line":45,"column":4},"end":{"line":45,"column":70}},"27":{"start":{"line":47,"column":4},"end":{"line":47,"column":55}},"28":{"start":{"line":48,"column":4},"end":{"line":48,"column":63}},"29":{"start":{"line":39,"column":13},"end":{"line":39,"column":29}},"30":{"start":{"line":52,"column":30},"end":{"line":61,"column":2}},"31":{"start":{"line":52,"column":68},"end":{"line":61,"column":2}},"32":{"start":{"line":53,"column":2},"end":{"line":60,"column":3}},"33":{"start":{"line":54,"column":21},"end":{"line":54,"column":41}},"34":{"start":{"line":56,"column":4},"end":{"line":56,"column":35}},"35":{"start":{"line":58,"column":4},"end":{"line":58,"column":59}},"36":{"start":{"line":59,"column":4},"end":{"line":59,"column":63}},"37":{"start":{"line":52,"column":13},"end":{"line":52,"column":30}}},"fnMap":{"0":{"name":"(anonymous_8)","decl":{"start":{"line":6,"column":29},"end":{"line":6,"column":36}},"loc":{"start":{"line":6,"column":67},"end":{"line":23,"column":2}}},"1":{"name":"(anonymous_9)","decl":{"start":{"line":6,"column":67},"end":{"line":6,"column":null}},"loc":{"start":{"line":6,"column":67},"end":{"line":23,"column":1}}},"2":{"name":"(anonymous_10)","decl":{"start":{"line":25,"column":29},"end":{"line":25,"column":36}},"loc":{"start":{"line":25,"column":67},"end":{"line":37,"column":2}}},"3":{"name":"(anonymous_11)","decl":{"start":{"line":25,"column":67},"end":{"line":25,"column":null}},"loc":{"start":{"line":25,"column":67},"end":{"line":37,"column":1}}},"4":{"name":"(anonymous_12)","decl":{"start":{"line":39,"column":29},"end":{"line":39,"column":36}},"loc":{"start":{"line":39,"column":67},"end":{"line":50,"column":2}}},"5":{"name":"(anonymous_13)","decl":{"start":{"line":39,"column":67},"end":{"line":39,"column":null}},"loc":{"start":{"line":39,"column":67},"end":{"line":50,"column":1}}},"6":{"name":"(anonymous_14)","decl":{"start":{"line":52,"column":30},"end":{"line":52,"column":37}},"loc":{"start":{"line":52,"column":68},"end":{"line":61,"column":2}}},"7":{"name":"(anonymous_15)","decl":{"start":{"line":52,"column":68},"end":{"line":52,"column":null}},"loc":{"start":{"line":52,"column":68},"end":{"line":61,"column":1}}}},"branchMap":{},"s":{"0":2,"1":2,"2":1,"3":1,"4":1,"5":1,"6":1,"7":0,"8":1,"9":1,"10":2,"11":2,"12":1,"13":1,"14":1,"15":1,"16":1,"17":0,"18":1,"19":1,"20":2,"21":2,"22":1,"23":1,"24":1,"25":1,"26":0,"27":1,"28":1,"29":2,"30":2,"31":1,"32":1,"33":1,"34":0,"35":0,"36":0,"37":2},"f":{"0":1,"1":1,"2":1,"3":1,"4":1,"5":1,"6":1,"7":1},"b":{}}
,"C:\\Users\\Administrator\\Desktop\\My-Brand-Gabriel\\My-Brand-Backend\\src\\controllers\\userController.ts": {"path":"C:\\Users\\Administrator\\Desktop\\My-Brand-Gabriel\\My-Brand-Backend\\src\\controllers\\userController.ts","statementMap":{"0":{"start":{"line":2,"column":0},"end":{"line":2,"column":30}},"1":{"start":{"line":3,"column":0},"end":{"line":3,"column":31}},"2":{"start":{"line":4,"column":0},"end":{"line":4,"column":34}},"3":{"start":{"line":6,"column":26},"end":{"line":29,"column":2}},"4":{"start":{"line":6,"column":64},"end":{"line":29,"column":2}},"5":{"start":{"line":7,"column":2},"end":{"line":28,"column":3}},"6":{"start":{"line":9,"column":70},"end":{"line":9,"column":78}},"7":{"start":{"line":12,"column":4},"end":{"line":14,"column":5}},"8":{"start":{"line":13,"column":6},"end":{"line":13,"column":73}},"9":{"start":{"line":17,"column":25},"end":{"line":17,"column":54}},"10":{"start":{"line":18,"column":4},"end":{"line":20,"column":5}},"11":{"start":{"line":19,"column":6},"end":{"line":19,"column":71}},"12":{"start":{"line":22,"column":27},"end":{"line":22,"column":58}},"13":{"start":{"line":23,"column":17},"end":{"line":23,"column":84}},"14":{"start":{"line":24,"column":4},"end":{"line":24,"column":22}},"15":{"start":{"line":25,"column":4},"end":{"line":25,"column":67}},"16":{"start":{"line":27,"column":4},"end":{"line":27,"column":62}},"17":{"start":{"line":6,"column":13},"end":{"line":6,"column":26}},"18":{"start":{"line":31,"column":26},"end":{"line":56,"column":2}},"19":{"start":{"line":31,"column":64},"end":{"line":56,"column":2}},"20":{"start":{"line":32,"column":2},"end":{"line":55,"column":3}},"21":{"start":{"line":33,"column":32},"end":{"line":33,"column":40}},"22":{"start":{"line":36,"column":17},"end":{"line":36,"column":46}},"23":{"start":{"line":39,"column":4},"end":{"line":41,"column":5}},"24":{"start":{"line":40,"column":6},"end":{"line":40,"column":65}},"25":{"start":{"line":44,"column":26},"end":{"line":44,"column":71}},"26":{"start":{"line":45,"column":4},"end":{"line":47,"column":5}},"27":{"start":{"line":46,"column":6},"end":{"line":46,"column":70}},"28":{"start":{"line":50,"column":18},"end":{"line":50,"column":88}},"29":{"start":{"line":52,"column":4},"end":{"line":52,"column":36}},"30":{"start":{"line":54,"column":4},"end":{"line":54,"column":61}},"31":{"start":{"line":31,"column":13},"end":{"line":31,"column":26}},"32":{"start":{"line":58,"column":26},"end":{"line":66,"column":2}},"33":{"start":{"line":58,"column":64},"end":{"line":66,"column":2}},"34":{"start":{"line":59,"column":2},"end":{"line":65,"column":3}},"35":{"start":{"line":60,"column":23},"end":{"line":60,"column":33}},"36":{"start":{"line":61,"column":4},"end":{"line":61,"column":41}},"37":{"start":{"line":62,"column":4},"end":{"line":62,"column":67}},"38":{"start":{"line":64,"column":4},"end":{"line":64,"column":70}},"39":{"start":{"line":58,"column":13},"end":{"line":58,"column":26}},"40":{"start":{"line":68,"column":26},"end":{"line":76,"column":2}},"41":{"start":{"line":68,"column":64},"end":{"line":76,"column":2}},"42":{"start":{"line":69,"column":2},"end":{"line":75,"column":3}},"43":{"start":{"line":70,"column":23},"end":{"line":70,"column":33}},"44":{"start":{"line":71,"column":24},"end":{"line":71,"column":85}},"45":{"start":{"line":72,"column":4},"end":{"line":72,"column":38}},"46":{"start":{"line":74,"column":4},"end":{"line":74,"column":70}},"47":{"start":{"line":68,"column":13},"end":{"line":68,"column":26}},"48":{"start":{"line":78,"column":27},"end":{"line":85,"column":2}},"49":{"start":{"line":78,"column":65},"end":{"line":85,"column":2}},"50":{"start":{"line":79,"column":2},"end":{"line":84,"column":3}},"51":{"start":{"line":80,"column":18},"end":{"line":80,"column":35}},"52":{"start":{"line":81,"column":4},"end":{"line":81,"column":32}},"53":{"start":{"line":83,"column":4},"end":{"line":83,"column":68}},"54":{"start":{"line":78,"column":13},"end":{"line":78,"column":27}}},"fnMap":{"0":{"name":"(anonymous_8)","decl":{"start":{"line":6,"column":26},"end":{"line":6,"column":33}},"loc":{"start":{"line":6,"column":64},"end":{"line":29,"column":2}}},"1":{"name":"(anonymous_9)","decl":{"start":{"line":6,"column":64},"end":{"line":6,"column":null}},"loc":{"start":{"line":6,"column":64},"end":{"line":29,"column":1}}},"2":{"name":"(anonymous_10)","decl":{"start":{"line":31,"column":26},"end":{"line":31,"column":33}},"loc":{"start":{"line":31,"column":64},"end":{"line":56,"column":2}}},"3":{"name":"(anonymous_11)","decl":{"start":{"line":31,"column":64},"end":{"line":31,"column":null}},"loc":{"start":{"line":31,"column":64},"end":{"line":56,"column":1}}},"4":{"name":"(anonymous_12)","decl":{"start":{"line":58,"column":26},"end":{"line":58,"column":33}},"loc":{"start":{"line":58,"column":64},"end":{"line":66,"column":2}}},"5":{"name":"(anonymous_13)","decl":{"start":{"line":58,"column":64},"end":{"line":58,"column":null}},"loc":{"start":{"line":58,"column":64},"end":{"line":66,"column":1}}},"6":{"name":"(anonymous_14)","decl":{"start":{"line":68,"column":26},"end":{"line":68,"column":33}},"loc":{"start":{"line":68,"column":64},"end":{"line":76,"column":2}}},"7":{"name":"(anonymous_15)","decl":{"start":{"line":68,"column":64},"end":{"line":68,"column":null}},"loc":{"start":{"line":68,"column":64},"end":{"line":76,"column":1}}},"8":{"name":"(anonymous_16)","decl":{"start":{"line":78,"column":27},"end":{"line":78,"column":34}},"loc":{"start":{"line":78,"column":65},"end":{"line":85,"column":2}}},"9":{"name":"(anonymous_17)","decl":{"start":{"line":78,"column":65},"end":{"line":78,"column":null}},"loc":{"start":{"line":78,"column":65},"end":{"line":85,"column":1}}}},"branchMap":{"0":{"loc":{"start":{"line":12,"column":4},"end":{"line":14,"column":5}},"type":"if","locations":[{"start":{"line":12,"column":4},"end":{"line":14,"column":5}}]},"1":{"loc":{"start":{"line":18,"column":4},"end":{"line":20,"column":5}},"type":"if","locations":[{"start":{"line":18,"column":4},"end":{"line":20,"column":5}}]},"2":{"loc":{"start":{"line":39,"column":4},"end":{"line":41,"column":5}},"type":"if","locations":[{"start":{"line":39,"column":4},"end":{"line":41,"column":5}}]},"3":{"loc":{"start":{"line":45,"column":4},"end":{"line":47,"column":5}},"type":"if","locations":[{"start":{"line":45,"column":4},"end":{"line":47,"column":5}}]}},"s":{"0":2,"1":2,"2":2,"3":2,"4":1,"5":1,"6":1,"7":1,"8":0,"9":1,"10":0,"11":0,"12":0,"13":0,"14":0,"15":0,"16":1,"17":2,"18":2,"19":1,"20":1,"21":1,"22":1,"23":0,"24":0,"25":0,"26":0,"27":0,"28":0,"29":0,"30":1,"31":2,"32":2,"33":1,"34":1,"35":1,"36":1,"37":0,"38":1,"39":2,"40":2,"41":1,"42":1,"43":1,"44":1,"45":0,"46":1,"47":2,"48":2,"49":1,"50":1,"51":1,"52":0,"53":0,"54":2},"f":{"0":1,"1":1,"2":1,"3":1,"4":1,"5":1,"6":1,"7":1,"8":1,"9":1},"b":{"0":[0],"1":[0],"2":[0],"3":[0]}}
,"C:\\Users\\Administrator\\Desktop\\My-Brand-Gabriel\\My-Brand-Backend\\src\\models\\Admin.ts": {"path":"C:\\Users\\Administrator\\Desktop\\My-Brand-Gabriel\\My-Brand-Backend\\src\\models\\Admin.ts","statementMap":{"0":{"start":{"line":3,"column":0},"end":{"line":3,"column":54}},"1":{"start":{"line":11,"column":28},"end":{"line":15,"column":2}},"2":{"start":{"line":17,"column":14},"end":{"line":17,"column":65}},"3":{"start":{"line":19,"column":0},"end":{"line":19,"column":21}}},"fnMap":{},"branchMap":{},"s":{"0":2,"1":2,"2":2,"3":2},"f":{},"b":{}}
,"C:\\Users\\Administrator\\Desktop\\My-Brand-Gabriel\\My-Brand-Backend\\src\\models\\Blog.ts": {"path":"C:\\Users\\Administrator\\Desktop\\My-Brand-Gabriel\\My-Brand-Backend\\src\\models\\Blog.ts","statementMap":{"0":{"start":{"line":2,"column":0},"end":{"line":2,"column":54}},"1":{"start":{"line":21,"column":30},"end":{"line":26,"column":2}},"2":{"start":{"line":28,"column":31},"end":{"line":36,"column":2}},"3":{"start":{"line":38,"column":17},"end":{"line":38,"column":70}},"4":{"start":{"line":40,"column":0},"end":{"line":40,"column":24}}},"fnMap":{},"branchMap":{},"s":{"0":2,"1":2,"2":2,"3":2,"4":2},"f":{},"b":{}}
,"C:\\Users\\Administrator\\Desktop\\My-Brand-Gabriel\\My-Brand-Backend\\src\\models\\Message.ts": {"path":"C:\\Users\\Administrator\\Desktop\\My-Brand-Gabriel\\My-Brand-Backend\\src\\models\\Message.ts","statementMap":{"0":{"start":{"line":3,"column":0},"end":{"line":3,"column":54}},"1":{"start":{"line":12,"column":30},"end":{"line":17,"column":2}},"2":{"start":{"line":19,"column":16},"end":{"line":19,"column":66}},"3":{"start":{"line":21,"column":0},"end":{"line":21,"column":23}}},"fnMap":{},"branchMap":{},"s":{"0":2,"1":2,"2":2,"3":2},"f":{},"b":{}}
,"C:\\Users\\Administrator\\Desktop\\My-Brand-Gabriel\\My-Brand-Backend\\src\\models\\User.ts": {"path":"C:\\Users\\Administrator\\Desktop\\My-Brand-Gabriel\\My-Brand-Backend\\src\\models\\User.ts","statementMap":{"0":{"start":{"line":1,"column":0},"end":{"line":1,"column":54}},"1":{"start":{"line":2,"column":0},"end":{"line":2,"column":22}},"2":{"start":{"line":13,"column":19},"end":{"line":19,"column":2}},"3":{"start":{"line":21,"column":32},"end":{"line":27,"column":2}},"4":{"start":{"line":30,"column":0},"end":{"line":37,"column":3}},"5":{"start":{"line":31,"column":2},"end":{"line":36,"column":3}},"6":{"start":{"line":32,"column":4},"end":{"line":32,"column":52}},"7":{"start":{"line":33,"column":4},"end":{"line":33,"column":11}},"8":{"start":{"line":35,"column":4},"end":{"line":35,"column":16}},"9":{"start":{"line":39,"column":13},"end":{"line":39,"column":66}},"10":{"start":{"line":41,"column":0},"end":{"line":41,"column":20}}},"fnMap":{"0":{"name":"(anonymous_14)","decl":{"start":{"line":30,"column":28},"end":{"line":30,"column":44}},"loc":{"start":{"line":30,"column":48},"end":{"line":37,"column":2}}}},"branchMap":{},"s":{"0":2,"1":2,"2":2,"3":2,"4":2,"5":0,"6":0,"7":0,"8":0,"9":2,"10":2},"f":{"0":0},"b":{}}
,"C:\\Users\\Administrator\\Desktop\\My-Brand-Gabriel\\My-Brand-Backend\\src\\routes\\adminRoutes.ts": {"path":"C:\\Users\\Administrator\\Desktop\\My-Brand-Gabriel\\My-Brand-Backend\\src\\routes\\adminRoutes.ts","statementMap":{"0":{"start":{"line":1,"column":0},"end":{"line":1,"column":30}},"1":{"start":{"line":2,"column":0},"end":{"line":2,"column":114}},"2":{"start":{"line":4,"column":20},"end":{"line":4,"column":36}},"3":{"start":{"line":6,"column":0},"end":{"line":6,"column":41}},"4":{"start":{"line":7,"column":0},"end":{"line":7,"column":41}},"5":{"start":{"line":8,"column":0},"end":{"line":8,"column":42}},"6":{"start":{"line":9,"column":0},"end":{"line":9,"column":45}},"7":{"start":{"line":10,"column":0},"end":{"line":10,"column":35}},"8":{"start":{"line":12,"column":0},"end":{"line":12,"column":27}}},"fnMap":{},"branchMap":{},"s":{"0":2,"1":2,"2":2,"3":2,"4":2,"5":2,"6":2,"7":2,"8":2},"f":{},"b":{}}
,"C:\\Users\\Administrator\\Desktop\\My-Brand-Gabriel\\My-Brand-Backend\\src\\routes\\blogRoutes.ts": {"path":"C:\\Users\\Administrator\\Desktop\\My-Brand-Gabriel\\My-Brand-Backend\\src\\routes\\blogRoutes.ts","statementMap":{"0":{"start":{"line":1,"column":0},"end":{"line":1,"column":30}},"1":{"start":{"line":2,"column":0},"end":{"line":2,"column":198}},"2":{"start":{"line":4,"column":19},"end":{"line":4,"column":35}},"3":{"start":{"line":7,"column":0},"end":{"line":7,"column":33}},"4":{"start":{"line":8,"column":0},"end":{"line":8,"column":35}},"5":{"start":{"line":9,"column":0},"end":{"line":9,"column":38}},"6":{"start":{"line":10,"column":0},"end":{"line":10,"column":36}},"7":{"start":{"line":11,"column":0},"end":{"line":11,"column":33}},"8":{"start":{"line":14,"column":0},"end":{"line":14,"column":48}},"9":{"start":{"line":15,"column":0},"end":{"line":15,"column":52}},"10":{"start":{"line":16,"column":0},"end":{"line":16,"column":44}},"11":{"start":{"line":17,"column":0},"end":{"line":17,"column":65}},"12":{"start":{"line":20,"column":0},"end":{"line":20,"column":39}},"13":{"start":{"line":21,"column":0},"end":{"line":21,"column":45}},"14":{"start":{"line":23,"column":0},"end":{"line":23,"column":26}}},"fnMap":{},"branchMap":{},"s":{"0":2,"1":2,"2":2,"3":2,"4":2,"5":2,"6":2,"7":2,"8":2,"9":2,"10":2,"11":2,"12":2,"13":2,"14":2},"f":{},"b":{}}
,"C:\\Users\\Administrator\\Desktop\\My-Brand-Gabriel\\My-Brand-Backend\\src\\routes\\messageRoutes.ts": {"path":"C:\\Users\\Administrator\\Desktop\\My-Brand-Gabriel\\My-Brand-Backend\\src\\routes\\messageRoutes.ts","statementMap":{"0":{"start":{"line":1,"column":0},"end":{"line":1,"column":30}},"1":{"start":{"line":2,"column":0},"end":{"line":2,"column":111}},"2":{"start":{"line":4,"column":22},"end":{"line":4,"column":38}},"3":{"start":{"line":6,"column":0},"end":{"line":6,"column":39}},"4":{"start":{"line":7,"column":0},"end":{"line":7,"column":48}},"5":{"start":{"line":8,"column":0},"end":{"line":8,"column":51}},"6":{"start":{"line":9,"column":0},"end":{"line":9,"column":39}},"7":{"start":{"line":11,"column":0},"end":{"line":11,"column":29}}},"fnMap":{},"branchMap":{},"s":{"0":2,"1":2,"2":2,"3":2,"4":2,"5":2,"6":2,"7":2},"f":{},"b":{}}
,"C:\\Users\\Administrator\\Desktop\\My-Brand-Gabriel\\My-Brand-Backend\\src\\routes\\userRoutes.ts": {"path":"C:\\Users\\Administrator\\Desktop\\My-Brand-Gabriel\\My-Brand-Backend\\src\\routes\\userRoutes.ts","statementMap":{"0":{"start":{"line":1,"column":0},"end":{"line":1,"column":30}},"1":{"start":{"line":2,"column":0},"end":{"line":2,"column":108}},"2":{"start":{"line":4,"column":19},"end":{"line":4,"column":35}},"3":{"start":{"line":6,"column":0},"end":{"line":6,"column":39}},"4":{"start":{"line":7,"column":0},"end":{"line":7,"column":39}},"5":{"start":{"line":8,"column":0},"end":{"line":8,"column":42}},"6":{"start":{"line":9,"column":0},"end":{"line":9,"column":39}},"7":{"start":{"line":10,"column":0},"end":{"line":10,"column":33}},"8":{"start":{"line":12,"column":0},"end":{"line":12,"column":26}}},"fnMap":{},"branchMap":{},"s":{"0":2,"1":2,"2":2,"3":2,"4":2,"5":2,"6":2,"7":2,"8":2},"f":{},"b":{}}
}
