TN:
SF:src\app.ts
FN:23,(anonymous_8)
FN:23,(anonymous_9)
FN:28,(anonymous_10)
FN:42,(anonymous_11)
FN:47,(anonymous_12)
FNF:5
FNH:3
FNDA:1,(anonymous_8)
FNDA:1,(anonymous_9)
FNDA:0,(anonymous_10)
FNDA:0,(anonymous_11)
FNDA:1,(anonymous_12)
DA:1,1
DA:2,1
DA:3,1
DA:4,1
DA:5,1
DA:6,1
DA:7,1
DA:8,1
DA:9,1
DA:10,1
DA:11,1
DA:12,1
DA:14,1
DA:16,1
DA:19,1
DA:21,1
DA:23,1
DA:24,1
DA:25,1
DA:28,1
DA:29,0
DA:33,1
DA:36,1
DA:37,1
DA:38,1
DA:39,1
DA:40,1
DA:42,1
DA:43,0
DA:46,1
DA:47,1
DA:48,1
DA:51,1
LF:33
LH:31
BRDA:46,0,0,1
BRDA:46,0,1,1
BRF:2
BRH:2
end_of_record
TN:
SF:src\controllers\adminController.ts
FN:8,(anonymous_8)
FN:8,(anonymous_9)
FN:38,(anonymous_10)
FN:38,(anonymous_11)
FN:66,(anonymous_12)
FN:66,(anonymous_13)
FN:81,(anonymous_14)
FN:81,(anonymous_15)
FN:95,(anonymous_16)
FN:95,(anonymous_17)
FN:108,(anonymous_18)
FN:108,(anonymous_19)
FNF:12
FNH:12
FNDA:2,(anonymous_8)
FNDA:2,(anonymous_9)
FNDA:2,(anonymous_10)
FNDA:2,(anonymous_11)
FNDA:2,(anonymous_12)
FNDA:2,(anonymous_13)
FNDA:2,(anonymous_14)
FNDA:2,(anonymous_15)
FNDA:1,(anonymous_16)
FNDA:1,(anonymous_17)
FNDA:1,(anonymous_18)
FNDA:1,(anonymous_19)
DA:4,2
DA:5,2
DA:6,2
DA:8,2
DA:9,2
DA:10,2
DA:13,2
DA:14,1
DA:15,0
DA:19,1
DA:22,1
DA:29,1
DA:31,1
DA:33,1
DA:34,1
DA:38,2
DA:39,2
DA:40,2
DA:43,2
DA:44,1
DA:45,0
DA:49,1
DA:50,1
DA:51,1
DA:55,0
DA:56,0
DA:58,0
DA:60,1
DA:61,1
DA:66,2
DA:67,2
DA:68,2
DA:69,2
DA:72,2
DA:74,1
DA:76,1
DA:77,1
DA:81,2
DA:82,2
DA:83,2
DA:86,2
DA:88,1
DA:90,1
DA:91,1
DA:95,2
DA:96,1
DA:98,1
DA:100,0
DA:102,0
DA:103,0
DA:108,2
DA:109,1
DA:111,1
DA:112,1
DA:113,1
DA:114,1
DA:118,0
DA:119,0
DA:120,0
DA:124,0
DA:127,0
DA:134,0
DA:136,0
DA:138,0
LF:64
LH:48
BRDA:14,0,0,0
BRDA:44,1,0,0
BRDA:50,2,0,1
BRDA:55,3,0,0
BRDA:55,3,1,0
BRDA:112,4,0,1
BRDA:118,5,0,0
BRF:7
BRH:2
end_of_record
TN:
SF:src\controllers\blogController.ts
FN:5,(anonymous_8)
FN:5,(anonymous_9)
FN:26,(anonymous_10)
FN:26,(anonymous_11)
FN:42,(anonymous_12)
FN:42,(anonymous_13)
FN:57,(anonymous_14)
FN:57,(anonymous_15)
FN:72,(anonymous_16)
FN:72,(anonymous_17)
FN:89,(anonymous_18)
FN:89,(anonymous_19)
FN:104,(anonymous_20)
FN:104,(anonymous_21)
FN:119,(anonymous_22)
FN:119,(anonymous_23)
FN:134,(anonymous_24)
FN:134,(anonymous_25)
FN:145,(anonymous_26)
FN:145,(anonymous_27)
FN:148,(anonymous_28)
FN:162,(anonymous_29)
FN:162,(anonymous_30)
FNF:23
FNH:20
FNDA:1,(anonymous_8)
FNDA:1,(anonymous_9)
FNDA:1,(anonymous_10)
FNDA:1,(anonymous_11)
FNDA:1,(anonymous_12)
FNDA:1,(anonymous_13)
FNDA:1,(anonymous_14)
FNDA:1,(anonymous_15)
FNDA:1,(anonymous_16)
FNDA:1,(anonymous_17)
FNDA:1,(anonymous_18)
FNDA:1,(anonymous_19)
FNDA:1,(anonymous_20)
FNDA:1,(anonymous_21)
FNDA:1,(anonymous_22)
FNDA:1,(anonymous_23)
FNDA:1,(anonymous_24)
FNDA:1,(anonymous_25)
FNDA:0,(anonymous_26)
FNDA:0,(anonymous_27)
FNDA:0,(anonymous_28)
FNDA:1,(anonymous_29)
FNDA:1,(anonymous_30)
DA:2,2
DA:5,2
DA:6,1
DA:7,1
DA:8,1
DA:17,1
DA:18,0
DA:20,1
DA:21,1
DA:26,2
DA:27,1
DA:28,1
DA:29,1
DA:30,1
DA:31,0
DA:32,0
DA:34,0
DA:36,1
DA:37,1
DA:42,2
DA:43,1
DA:44,1
DA:45,1
DA:46,0
DA:47,0
DA:49,0
DA:51,1
DA:52,1
DA:57,2
DA:58,1
DA:59,1
DA:60,1
DA:61,0
DA:62,0
DA:64,0
DA:66,1
DA:67,1
DA:72,2
DA:73,1
DA:74,1
DA:75,1
DA:76,1
DA:77,1
DA:78,0
DA:79,0
DA:81,0
DA:83,1
DA:84,1
DA:89,2
DA:90,1
DA:91,1
DA:92,1
DA:93,0
DA:94,0
DA:96,0
DA:98,1
DA:99,1
DA:104,2
DA:105,1
DA:106,1
DA:107,1
DA:108,0
DA:109,0
DA:111,0
DA:113,1
DA:114,1
DA:119,2
DA:120,1
DA:121,1
DA:122,1
DA:123,0
DA:124,0
DA:126,0
DA:128,1
DA:129,1
DA:134,2
DA:135,1
DA:136,1
DA:137,0
DA:139,0
DA:140,0
DA:145,2
DA:146,0
DA:147,0
DA:148,0
DA:154,0
DA:156,0
DA:157,0
DA:162,2
DA:163,1
DA:164,1
DA:165,1
DA:166,0
DA:167,0
DA:169,0
DA:171,1
DA:172,1
LF:97
LH:63
BRDA:31,0,0,0
BRDA:46,1,0,0
BRDA:61,2,0,0
BRDA:78,3,0,0
BRDA:93,4,0,0
BRDA:108,5,0,0
BRDA:123,6,0,0
BRDA:166,7,0,0
BRF:8
BRH:0
end_of_record
TN:
SF:src\controllers\messageController.ts
FN:6,(anonymous_8)
FN:6,(anonymous_9)
FN:25,(anonymous_10)
FN:25,(anonymous_11)
FN:39,(anonymous_12)
FN:39,(anonymous_13)
FN:52,(anonymous_14)
FN:52,(anonymous_15)
FNF:8
FNH:8
FNDA:1,(anonymous_8)
FNDA:1,(anonymous_9)
FNDA:1,(anonymous_10)
FNDA:1,(anonymous_11)
FNDA:1,(anonymous_12)
FNDA:1,(anonymous_13)
FNDA:1,(anonymous_14)
FNDA:1,(anonymous_15)
DA:4,2
DA:6,2
DA:7,1
DA:8,1
DA:10,1
DA:16,1
DA:18,0
DA:20,1
DA:21,1
DA:25,2
DA:26,1
DA:27,1
DA:28,1
DA:30,1
DA:32,0
DA:34,1
DA:35,1
DA:39,2
DA:40,1
DA:41,1
DA:43,1
DA:45,0
DA:47,1
DA:48,1
DA:52,2
DA:53,1
DA:54,1
DA:56,0
DA:58,0
DA:59,0
LF:30
LH:24
BRF:0
BRH:0
end_of_record
TN:
SF:src\controllers\userController.ts
FN:6,(anonymous_8)
FN:6,(anonymous_9)
FN:31,(anonymous_10)
FN:31,(anonymous_11)
FN:58,(anonymous_12)
FN:58,(anonymous_13)
FN:68,(anonymous_14)
FN:68,(anonymous_15)
FN:78,(anonymous_16)
FN:78,(anonymous_17)
FNF:10
FNH:10
FNDA:1,(anonymous_8)
FNDA:1,(anonymous_9)
FNDA:1,(anonymous_10)
FNDA:1,(anonymous_11)
FNDA:1,(anonymous_12)
FNDA:1,(anonymous_13)
FNDA:1,(anonymous_14)
FNDA:1,(anonymous_15)
FNDA:1,(anonymous_16)
FNDA:1,(anonymous_17)
DA:2,2
DA:3,2
DA:4,2
DA:6,2
DA:7,1
DA:9,1
DA:12,1
DA:13,0
DA:17,1
DA:18,0
DA:19,0
DA:22,0
DA:23,0
DA:24,0
DA:25,0
DA:27,1
DA:31,2
DA:32,1
DA:33,1
DA:36,1
DA:39,0
DA:40,0
DA:44,0
DA:45,0
DA:46,0
DA:50,0
DA:52,0
DA:54,1
DA:58,2
DA:59,1
DA:60,1
DA:61,1
DA:62,0
DA:64,1
DA:68,2
DA:69,1
DA:70,1
DA:71,1
DA:72,0
DA:74,1
DA:78,2
DA:79,1
DA:80,1
DA:81,0
DA:83,0
LF:45
LH:27
BRDA:12,0,0,0
BRDA:18,1,0,0
BRDA:39,2,0,0
BRDA:45,3,0,0
BRF:4
BRH:0
end_of_record
TN:
SF:src\models\Admin.ts
FNF:0
FNH:0
DA:3,2
DA:11,2
DA:17,2
DA:19,2
LF:4
LH:4
BRF:0
BRH:0
end_of_record
TN:
SF:src\models\Blog.ts
FNF:0
FNH:0
DA:2,2
DA:21,2
DA:28,2
DA:38,2
DA:40,2
LF:5
LH:5
BRF:0
BRH:0
end_of_record
TN:
SF:src\models\Message.ts
FNF:0
FNH:0
DA:3,2
DA:12,2
DA:19,2
DA:21,2
LF:4
LH:4
BRF:0
BRH:0
end_of_record
TN:
SF:src\models\User.ts
FN:30,(anonymous_14)
FNF:1
FNH:0
FNDA:0,(anonymous_14)
DA:1,2
DA:2,2
DA:13,2
DA:21,2
DA:30,2
DA:31,0
DA:32,0
DA:33,0
DA:35,0
DA:39,2
DA:41,2
LF:11
LH:7
BRF:0
BRH:0
end_of_record
TN:
SF:src\routes\adminRoutes.ts
FNF:0
FNH:0
DA:1,2
DA:2,2
DA:4,2
DA:6,2
DA:7,2
DA:8,2
DA:9,2
DA:10,2
DA:12,2
LF:9
LH:9
BRF:0
BRH:0
end_of_record
TN:
SF:src\routes\blogRoutes.ts
FNF:0
FNH:0
DA:1,2
DA:2,2
DA:4,2
DA:7,2
DA:8,2
DA:9,2
DA:10,2
DA:11,2
DA:14,2
DA:15,2
DA:16,2
DA:17,2
DA:20,2
DA:21,2
DA:23,2
LF:15
LH:15
BRF:0
BRH:0
end_of_record
TN:
SF:src\routes\messageRoutes.ts
FNF:0
FNH:0
DA:1,2
DA:2,2
DA:4,2
DA:6,2
DA:7,2
DA:8,2
DA:9,2
DA:11,2
LF:8
LH:8
BRF:0
BRH:0
end_of_record
TN:
SF:src\routes\userRoutes.ts
FNF:0
FNH:0
DA:1,2
DA:2,2
DA:4,2
DA:6,2
DA:7,2
DA:8,2
DA:9,2
DA:10,2
DA:12,2
LF:9
LH:9
BRF:0
BRH:0
end_of_record
